<?xml version="1.0" encoding="UTF-8"?>
<testsuite name="tests.TestBoxTests" tests="1" skipped="0" failures="0" errors="0" timestamp="2025-12-03T05:22:08.170Z" hostname="MacBook-Pro-kaspi-5.local" time="5.834">
  <properties/>
  <testcase name="fillFormTest()" classname="tests.TestBoxTests" time="5.834"/>
  <system-out><![CDATA[]]></system-out>
  <system-err><![CDATA[[Test worker] INFO com.codeborne.selenide.WebDriverThreadLocalContainer - No webdriver is bound to current thread: 1 - let's create a new webdriver
[Test worker] INFO com.codeborne.selenide.webdriver.WebDriverFactory - Selenide 7.12.1 / Selenium 4.38.0 / chrome 142.0.7444.176 mac
[Test worker] INFO com.codeborne.selenide.WebDriverThreadLocalContainer - Browser will stay open due to holdBrowserOpen=true: 1 -> ChromeDriver: chrome on mac (582045b92420b3d8d0cb2615d236cf48)
]]></system-err>
</testsuite>
